<?xml version="1.0" encoding="UTF-8"?>
<testsuite xmlns:xsi="http://www.w3.org/2001/XMLSchema-instance" xsi:noNamespaceSchemaLocation="https://maven.apache.org/surefire/maven-surefire-plugin/xsd/surefire-test-report-3.0.xsd" version="3.0" name="qaacademy.RESTAPITest" time="0.857" tests="2" errors="0" skipped="0" failures="0">
  <properties>
[...]
</properties>
  <testcase name="APIrun" classname="qaacademy.RESTAPITest" time="0.014">
    <system-out><![CDATA[API run
]]></system-out>
  </testcase>
  <testcase name="RESTAPIAutomation" classname="qaacademy.RESTAPITest" time="0.002">
    <system-out><![CDATA[RESTAPI automation
]]></system-out>
  </testcase>
</testsuite>