<?xml version="1.0" encoding="UTF-8"?>
<testng-results skipped="0" failed="0" ignored="0" total="2" passed="2">
  <reporter-output>
  </reporter-output>
  <suite name="Surefire suite" duration-ms="63" started-at="2021-02-09T15:01:41 IST" finished-at="2021-02-09T15:01:41 IST">
    <groups>
    </groups>
    <test name="Surefire test" duration-ms="63" started-at="2021-02-09T15:01:41 IST" finished-at="2021-02-09T15:01:41 IST">
      <class name="qaacademy.RESTAPITest">
        <test-method status="PASS" signature="APIrun()[pri:0, instance:qaacademy.RESTAPITest@56aac163]" name="APIrun" duration-ms="6" started-at="2021-02-09T15:01:41 IST" finished-at="2021-02-09T15:01:41 IST">
          <reporter-output>
          </reporter-output>
        </test-method> <!-- APIrun -->
        <test-method status="PASS" signature="RESTAPIAutomation()[pri:0, instance:qaacademy.RESTAPITest@56aac163]" name="RESTAPIAutomation" duration-ms="1" started-at="2021-02-09T15:01:41 IST" finished-at="2021-02-09T15:01:41 IST">
          <reporter-output>
          </reporter-output>
        </test-method> <!-- RESTAPIAutomation -->
      </class> <!-- qaacademy.RESTAPITest -->
    </test> <!-- Surefire test -->
  </suite> <!-- Surefire suite -->
</testng-results>
